Using pre-set license
Built from '2020.3/staging' branch; Version is '2020.3.14f1 (d0d1bb862f9d) revision 13685179'; Using compiler version '192528614'; Build Type 'Release'
OS: 'Windows 10 Education; OS build 19042.1288; Version 2009; 64bit' Language: 'en' Physical Memory: 16180 MB
BatchMode: 1, IsHumanControllingUs: 0, StartBugReporterOnCrash: 0, Is64bit: 1, IsPro: 0

 COMMAND LINE ARGUMENTS:
C:\Program Files\Unity\Editor\Unity.exe
-adb2
-batchMode
-noUpm
-name
AssetImportWorker0
-projectPath
C:/Users/w0206469/OneDrive - Nova Scotia Community College/LevelDesign/MaterialsInUnity/MaterialsInUnity
-logFile
Logs/AssetImportWorker0.log
-srvPort
63661
Successfully changed project path to: C:/Users/w0206469/OneDrive - Nova Scotia Community College/LevelDesign/MaterialsInUnity/MaterialsInUnity
C:/Users/w0206469/OneDrive - Nova Scotia Community College/LevelDesign/MaterialsInUnity/MaterialsInUnity
Using Asset Import Pipeline V2.
Refreshing native plugins compatible for Editor in 25.91 ms, found 2 plugins.
Preloading 0 native plugins for Editor in 0.00 ms.
Initialize engine version: 2020.3.14f1 (d0d1bb862f9d)
[Subsystems] Discovering subsystems at path C:/Program Files/Unity/Editor/Data/Resources/UnitySubsystems
[Subsystems] Discovering subsystems at path C:/Users/w0206469/OneDrive - Nova Scotia Community College/LevelDesign/MaterialsInUnity/MaterialsInUnity/Assets
GfxDevice: creating device client; threaded=0
Direct3D:
    Version:  Direct3D 11.0 [level 11.0]
    Renderer: NVIDIA Quadro K2200 (ID=0x13ba)
    Vendor:   
    VRAM:     4053 MB
    Driver:   27.21.14.6192
Initialize mono
Mono path[0] = 'C:/Program Files/Unity/Editor/Data/Managed'
Mono path[1] = 'C:/Program Files/Unity/Editor/Data/MonoBleedingEdge/lib/mono/unityjit'
Mono config path = 'C:/Program Files/Unity/Editor/Data/MonoBleedingEdge/etc'
Using monoOptions --debugger-agent=transport=dt_socket,embedding=1,server=y,suspend=n,address=127.0.0.1:56408
Begin MonoManager ReloadAssembly
Registering precompiled unity dll's ...
Register platform support module: C:/Program Files/Unity/Editor/Data/PlaybackEngines/WindowsStandaloneSupport/UnityEditor.WindowsStandalone.Extensions.dll
Registered in 0.001896 seconds.
Native extension for WindowsStandalone target not found
Refreshing native plugins compatible for Editor in 24.51 ms, found 2 plugins.
Preloading 0 native plugins for Editor in 0.00 ms.
Mono: successfully reloaded assembly
- Completed reload, in  1.007 seconds
Domain Reload Profiling:
	ReloadAssembly (1007ms)
		BeginReloadAssembly (52ms)
			ExecutionOrderSort (0ms)
			DisableScriptedObjects (0ms)
			BackupInstance (0ms)
			ReleaseScriptingObjects (0ms)
			CreateAndSetChildDomain (1ms)
		EndReloadAssembly (388ms)
			LoadAssemblies (50ms)
			RebuildTransferFunctionScriptingTraits (0ms)
			SetupTypeCache (149ms)
			ReleaseScriptCaches (0ms)
			RebuildScriptCaches (29ms)
			SetupLoadedEditorAssemblies (143ms)
				LogAssemblyErrors (0ms)
				InitializePlatformSupportModulesInManaged (4ms)
				SetLoadedEditorAssemblies (0ms)
				RefreshPlugins (25ms)
				BeforeProcessingInitializeOnLoad (13ms)
				ProcessInitializeOnLoadAttributes (75ms)
				ProcessInitializeOnLoadMethodAttributes (26ms)
				AfterProcessingInitializeOnLoad (0ms)
				EditorAssembliesLoaded (0ms)
			ExecutionOrderSort2 (0ms)
			AwakeInstancesAfterBackupRestoration (0ms)
Platform modules already initialized, skipping
Registering precompiled user dll's ...
Registered in 0.004107 seconds.
Begin MonoManager ReloadAssembly
Native extension for WindowsStandalone target not found
Refreshing native plugins compatible for Editor in 0.28 ms, found 2 plugins.
Preloading 0 native plugins for Editor in 0.00 ms.
Mono: successfully reloaded assembly
- Completed reload, in  0.955 seconds
Domain Reload Profiling:
	ReloadAssembly (956ms)
		BeginReloadAssembly (136ms)
			ExecutionOrderSort (0ms)
			DisableScriptedObjects (4ms)
			BackupInstance (0ms)
			ReleaseScriptingObjects (0ms)
			CreateAndSetChildDomain (17ms)
		EndReloadAssembly (762ms)
			LoadAssemblies (80ms)
			RebuildTransferFunctionScriptingTraits (0ms)
			SetupTypeCache (258ms)
			ReleaseScriptCaches (0ms)
			RebuildScriptCaches (41ms)
			SetupLoadedEditorAssemblies (295ms)
				LogAssemblyErrors (0ms)
				InitializePlatformSupportModulesInManaged (5ms)
				SetLoadedEditorAssemblies (0ms)
				RefreshPlugins (0ms)
				BeforeProcessingInitializeOnLoad (85ms)
				ProcessInitializeOnLoadAttributes (193ms)
				ProcessInitializeOnLoadMethodAttributes (5ms)
				AfterProcessingInitializeOnLoad (6ms)
				EditorAssembliesLoaded (0ms)
			ExecutionOrderSort2 (0ms)
			AwakeInstancesAfterBackupRestoration (6ms)
Platform modules already initialized, skipping
========================================================================
Worker process is ready to serve import requests
Launched and connected shader compiler UnityShaderCompiler.exe after 0.04 seconds
Refreshing native plugins compatible for Editor in 0.28 ms, found 2 plugins.
Preloading 0 native plugins for Editor in 0.00 ms.
Unloading 1390 Unused Serialized files (Serialized files now loaded: 0)
System memory in use before: 65.3 MB.
System memory in use after: 65.3 MB.

Unloading 19 unused Assets to reduce memory usage. Loaded Objects now: 1823.
Total: 1.770600 ms (FindLiveObjects: 0.134800 ms CreateObjectMapping: 0.039400 ms MarkObjects: 1.527500 ms  DeleteObjects: 0.068100 ms)

AssetImportParameters requested are different than current active one (requested -> active):
  custom:framework-win-MediaFoundation: 216162199b28c13a410421893ffa2e32 -> 
  custom:video-decoder-ogg-theora: a1e56fd34408186e4bbccfd4996cb3dc -> 
  custom:container-muxer-webm: aa71ff27fc2769a1b78a27578f13a17b -> 
  custom:container-demuxer-webm: 4f35f7cbe854078d1ac9338744f61a02 -> 
  custom:container-demuxer-ogg: 62fdf1f143b41e24485cea50d1cbac27 -> 
  custom:video-encoder-webm-vp8: eb34c28f22e8b96e1ab97ce403110664 -> 
  custom:video-decoder-webm-vp8: 9c59270c3fd7afecdb556c50c9e8de78 -> 
  custom:audio-decoder-ogg-vorbis: bf7c407c2cedff20999df2af8eb42d56 -> 
  custom:audio-encoder-webm-vorbis: bf7c407c2cedff20999df2af8eb42d56 -> 
========================================================================
Received Import Request.
  path: Assets
  artifactKey: Guid(00000000000000001000000000000000) Importer(815301076,1909f56bfc062723c751e8b465ee728b)
Start importing Assets using Guid(00000000000000001000000000000000) Importer(815301076,1909f56bfc062723c751e8b465ee728b)  -> (artifact id: '42d402b061de3733987d63b9cc3b64de') in 0.008441 seconds 
  Import took 0.012586 seconds .

========================================================================
Received Import Request.
  Time since last request: 4.202013 seconds.
  path: Assets/Materials
  artifactKey: Guid(cd4a6dcf4c3bf0045a5db30797af7837) Importer(815301076,1909f56bfc062723c751e8b465ee728b)
Start importing Assets/Materials using Guid(cd4a6dcf4c3bf0045a5db30797af7837) Importer(815301076,1909f56bfc062723c751e8b465ee728b)  -> (artifact id: '64d163b35c917be3b6976cbc603d0104') in 0.010621 seconds 
  Import took 0.013230 seconds .

========================================================================
Received Import Request.
  Time since last request: 6.349066 seconds.
  path: Assets/Materials/Textures
  artifactKey: Guid(4755e377f1be2ec49b1afd0647da972d) Importer(815301076,1909f56bfc062723c751e8b465ee728b)
Start importing Assets/Materials/Textures using Guid(4755e377f1be2ec49b1afd0647da972d) Importer(815301076,1909f56bfc062723c751e8b465ee728b)  -> (artifact id: '61ae537c1fa908f9b5ab8a6e61f500e7') in 0.008934 seconds 
  Import took 0.011580 seconds .

========================================================================
Received Import Request.
  Time since last request: 6.245746 seconds.
  path: Assets/Materials/New Material.mat
  artifactKey: Guid(ac44e566e03a4994cafd981359c5129d) Importer(815301076,1909f56bfc062723c751e8b465ee728b)
Start importing Assets/Materials/New Material.mat using Guid(ac44e566e03a4994cafd981359c5129d) Importer(815301076,1909f56bfc062723c751e8b465ee728b)  -> (artifact id: 'd87bc11472bf21241a853a9024abb2ba') in 0.111570 seconds 
  Import took 0.114848 seconds .

========================================================================
Received Import Request.
  Time since last request: 0.005882 seconds.
  path: Assets/Materials/New Material.mat
  artifactKey: Guid(ac44e566e03a4994cafd981359c5129d) Importer(815301076,1909f56bfc062723c751e8b465ee728b)
Start importing Assets/Materials/New Material.mat using Guid(ac44e566e03a4994cafd981359c5129d) Importer(815301076,1909f56bfc062723c751e8b465ee728b)  -> (artifact id: 'd87bc11472bf21241a853a9024abb2ba') in 0.010124 seconds 
  Import took 0.012911 seconds .

========================================================================
Received Import Request.
  Time since last request: 8.401280 seconds.
  path: Assets/Materials/SolidColour.mat
  artifactKey: Guid(ac44e566e03a4994cafd981359c5129d) Importer(815301076,1909f56bfc062723c751e8b465ee728b)
Start importing Assets/Materials/SolidColour.mat using Guid(ac44e566e03a4994cafd981359c5129d) Importer(815301076,1909f56bfc062723c751e8b465ee728b)  -> (artifact id: '725afe8cacf5c6539ddab190909fbff8') in 0.014123 seconds 
  Import took 0.016811 seconds .

========================================================================
Received Import Request.
  Time since last request: 23.429096 seconds.
  path: Assets/Materials/TranslucentColour.mat
  artifactKey: Guid(1be250a7c30b02649928e7cd0a6e0406) Importer(815301076,1909f56bfc062723c751e8b465ee728b)
Start importing Assets/Materials/TranslucentColour.mat using Guid(1be250a7c30b02649928e7cd0a6e0406) Importer(815301076,1909f56bfc062723c751e8b465ee728b)  -> (artifact id: 'a9766453fb5e0df3503a4c75327ada21') in 0.013806 seconds 
  Import took 0.016578 seconds .

========================================================================
Received Import Request.
  Time since last request: 15.832415 seconds.
  path: Assets/Materials/FreeSeemlessTex.mat
  artifactKey: Guid(0c50075c85ea2d9489c1c8640a9d0e5c) Importer(815301076,1909f56bfc062723c751e8b465ee728b)
Start importing Assets/Materials/FreeSeemlessTex.mat using Guid(0c50075c85ea2d9489c1c8640a9d0e5c) Importer(815301076,1909f56bfc062723c751e8b465ee728b)  -> (artifact id: 'c45e76a715a475b933d1088f57d164b1') in 0.013186 seconds 
  Import took 0.016050 seconds .

========================================================================
Received Import Request.
  Time since last request: 7.516104 seconds.
  path: Assets/Materials/Textures/Texture.jpg
  artifactKey: Guid(422594802df96634d931457c59302ca3) Importer(815301076,1909f56bfc062723c751e8b465ee728b)
Start importing Assets/Materials/Textures/Texture.jpg using Guid(422594802df96634d931457c59302ca3) Importer(815301076,1909f56bfc062723c751e8b465ee728b)  -> (artifact id: '1e2d5d7ac2caf2b4e6e64ea250f53a34') in 0.026327 seconds 
  Import took 0.029576 seconds .

========================================================================
Received Import Request.
  Time since last request: 12.355278 seconds.
  path: Assets/Materials/Ground.mat
  artifactKey: Guid(ffe89fcb3faeb1a47a531e745d8f2208) Importer(815301076,1909f56bfc062723c751e8b465ee728b)
Start importing Assets/Materials/Ground.mat using Guid(ffe89fcb3faeb1a47a531e745d8f2208) Importer(815301076,1909f56bfc062723c751e8b465ee728b)  -> (artifact id: '7502c3cd18e1344f8d7d19e5ef00626b') in 0.013402 seconds 
  Import took 0.016383 seconds .

========================================================================
Received Import Request.
  Time since last request: 731.949058 seconds.
  path: Assets/Materials/Textures/httpswww.123rf.comphoto_20983813_pavement-seamless-texture.html.jpg
  artifactKey: Guid(422594802df96634d931457c59302ca3) Importer(815301076,1909f56bfc062723c751e8b465ee728b)
Start importing Assets/Materials/Textures/httpswww.123rf.comphoto_20983813_pavement-seamless-texture.html.jpg using Guid(422594802df96634d931457c59302ca3) Importer(815301076,1909f56bfc062723c751e8b465ee728b)  -> (artifact id: '181862721692e7e4cd0ec881c7b5d17e') in 0.014989 seconds 
  Import took 0.018454 seconds .

========================================================================
Received Import Request.
  Time since last request: 295.803155 seconds.
  path: Assets/Materials/Textures/quickThing.png
  artifactKey: Guid(4ee502ad9ff3c8d4ab94a22c75c1e579) Importer(815301076,1909f56bfc062723c751e8b465ee728b)
Start importing Assets/Materials/Textures/quickThing.png using Guid(4ee502ad9ff3c8d4ab94a22c75c1e579) Importer(815301076,1909f56bfc062723c751e8b465ee728b)  -> (artifact id: '92f9fd80c709e2bf38ffec38a71169fc') in 0.014975 seconds 
  Import took 0.018619 seconds .

========================================================================
Received Import Request.
  Time since last request: 120.339022 seconds.
  path: Assets/Materials/Happy.mat
  artifactKey: Guid(434cb48374c7c8941bcdbc1ba030c915) Importer(815301076,1909f56bfc062723c751e8b465ee728b)
Start importing Assets/Materials/Happy.mat using Guid(434cb48374c7c8941bcdbc1ba030c915) Importer(815301076,1909f56bfc062723c751e8b465ee728b)  -> (artifact id: 'aac74bb0caa222b94d4e17949345be0b') in 0.013939 seconds 
  Import took 0.018052 seconds .

========================================================================
Received Import Request.
  Time since last request: 411.686344 seconds.
  path: Assets/Materials/FancyPan.anim
  artifactKey: Guid(b967e05f54fccb1418d9165d03fef021) Importer(815301076,1909f56bfc062723c751e8b465ee728b)
Start importing Assets/Materials/FancyPan.anim using Guid(b967e05f54fccb1418d9165d03fef021) Importer(815301076,1909f56bfc062723c751e8b465ee728b)  -> (artifact id: '04da61eec4328e091790b43c6c632883') in 0.011106 seconds 
  Import took 0.014208 seconds .

========================================================================
Received Prepare
Registering precompiled user dll's ...
Registered in 0.004036 seconds.
Begin MonoManager ReloadAssembly
Native extension for WindowsStandalone target not found
Refreshing native plugins compatible for Editor in 0.29 ms, found 2 plugins.
Preloading 0 native plugins for Editor in 0.00 ms.
Mono: successfully reloaded assembly
- Completed reload, in  0.979 seconds
Domain Reload Profiling:
	ReloadAssembly (980ms)
		BeginReloadAssembly (105ms)
			ExecutionOrderSort (0ms)
			DisableScriptedObjects (4ms)
			BackupInstance (0ms)
			ReleaseScriptingObjects (0ms)
			CreateAndSetChildDomain (31ms)
		EndReloadAssembly (815ms)
			LoadAssemblies (79ms)
			RebuildTransferFunctionScriptingTraits (0ms)
			SetupTypeCache (258ms)
			ReleaseScriptCaches (1ms)
			RebuildScriptCaches (47ms)
			SetupLoadedEditorAssemblies (322ms)
				LogAssemblyErrors (0ms)
				InitializePlatformSupportModulesInManaged (6ms)
				SetLoadedEditorAssemblies (0ms)
				RefreshPlugins (0ms)
				BeforeProcessingInitializeOnLoad (93ms)
				ProcessInitializeOnLoadAttributes (212ms)
				ProcessInitializeOnLoadMethodAttributes (4ms)
				AfterProcessingInitializeOnLoad (6ms)
				EditorAssembliesLoaded (0ms)
			ExecutionOrderSort2 (0ms)
			AwakeInstancesAfterBackupRestoration (6ms)
Platform modules already initialized, skipping
Refreshing native plugins compatible for Editor in 0.29 ms, found 2 plugins.
Preloading 0 native plugins for Editor in 0.00 ms.
Unloading 1385 Unused Serialized files (Serialized files now loaded: 0)
System memory in use before: 68.6 MB.
System memory in use after: 68.6 MB.

Unloading 14 unused Assets to reduce memory usage. Loaded Objects now: 1867.
Total: 1.881500 ms (FindLiveObjects: 0.166000 ms CreateObjectMapping: 0.047400 ms MarkObjects: 1.616100 ms  DeleteObjects: 0.050600 ms)

AssetImportParameters requested are different than current active one (requested -> active):
  custom:framework-win-MediaFoundation: 216162199b28c13a410421893ffa2e32 -> 
  custom:video-decoder-ogg-theora: a1e56fd34408186e4bbccfd4996cb3dc -> 
  custom:container-muxer-webm: aa71ff27fc2769a1b78a27578f13a17b -> 
  custom:container-demuxer-webm: 4f35f7cbe854078d1ac9338744f61a02 -> 
  custom:container-demuxer-ogg: 62fdf1f143b41e24485cea50d1cbac27 -> 
  custom:video-encoder-webm-vp8: eb34c28f22e8b96e1ab97ce403110664 -> 
  custom:video-decoder-webm-vp8: 9c59270c3fd7afecdb556c50c9e8de78 -> 
  custom:audio-decoder-ogg-vorbis: bf7c407c2cedff20999df2af8eb42d56 -> 
  custom:audio-encoder-webm-vorbis: bf7c407c2cedff20999df2af8eb42d56 -> 
========================================================================
Received Prepare
Refreshing native plugins compatible for Editor in 4.01 ms, found 2 plugins.
Preloading 0 native plugins for Editor in 0.00 ms.
Unloading 12 Unused Serialized files (Serialized files now loaded: 0)
System memory in use before: 40.9 MB.
System memory in use after: 41.0 MB.

Unloading 12 unused Assets to reduce memory usage. Loaded Objects now: 1867.
Total: 2.587700 ms (FindLiveObjects: 0.176000 ms CreateObjectMapping: 0.060300 ms MarkObjects: 2.283500 ms  DeleteObjects: 0.066300 ms)

AssetImportParameters requested are different than current active one (requested -> active):
  custom:framework-win-MediaFoundation: 216162199b28c13a410421893ffa2e32 -> 
  custom:video-decoder-ogg-theora: a1e56fd34408186e4bbccfd4996cb3dc -> 
  custom:container-muxer-webm: aa71ff27fc2769a1b78a27578f13a17b -> 
  custom:container-demuxer-webm: 4f35f7cbe854078d1ac9338744f61a02 -> 
  custom:container-demuxer-ogg: 62fdf1f143b41e24485cea50d1cbac27 -> 
  custom:video-encoder-webm-vp8: eb34c28f22e8b96e1ab97ce403110664 -> 
  custom:video-decoder-webm-vp8: 9c59270c3fd7afecdb556c50c9e8de78 -> 
  custom:audio-decoder-ogg-vorbis: bf7c407c2cedff20999df2af8eb42d56 -> 
  custom:audio-encoder-webm-vorbis: bf7c407c2cedff20999df2af8eb42d56 -> 
========================================================================
Received Prepare
Refreshing native plugins compatible for Editor in 3.19 ms, found 2 plugins.
Preloading 0 native plugins for Editor in 0.00 ms.
Unloading 12 Unused Serialized files (Serialized files now loaded: 0)
System memory in use before: 41.0 MB.
System memory in use after: 41.0 MB.

Unloading 12 unused Assets to reduce memory usage. Loaded Objects now: 1867.
Total: 6.394700 ms (FindLiveObjects: 3.755400 ms CreateObjectMapping: 0.100900 ms MarkObjects: 2.457400 ms  DeleteObjects: 0.079700 ms)

AssetImportParameters requested are different than current active one (requested -> active):
  custom:framework-win-MediaFoundation: 216162199b28c13a410421893ffa2e32 -> 
  custom:video-decoder-ogg-theora: a1e56fd34408186e4bbccfd4996cb3dc -> 
  custom:container-muxer-webm: aa71ff27fc2769a1b78a27578f13a17b -> 
  custom:container-demuxer-webm: 4f35f7cbe854078d1ac9338744f61a02 -> 
  custom:container-demuxer-ogg: 62fdf1f143b41e24485cea50d1cbac27 -> 
  custom:video-encoder-webm-vp8: eb34c28f22e8b96e1ab97ce403110664 -> 
  custom:video-decoder-webm-vp8: 9c59270c3fd7afecdb556c50c9e8de78 -> 
  custom:audio-decoder-ogg-vorbis: bf7c407c2cedff20999df2af8eb42d56 -> 
  custom:audio-encoder-webm-vorbis: bf7c407c2cedff20999df2af8eb42d56 -> 
========================================================================
Received Prepare
Refreshing native plugins compatible for Editor in 6.14 ms, found 2 plugins.
Preloading 0 native plugins for Editor in 0.00 ms.
Unloading 12 Unused Serialized files (Serialized files now loaded: 0)
System memory in use before: 41.0 MB.
System memory in use after: 41.0 MB.

Unloading 12 unused Assets to reduce memory usage. Loaded Objects now: 1867.
Total: 1.998300 ms (FindLiveObjects: 0.168500 ms CreateObjectMapping: 0.061000 ms MarkObjects: 1.713100 ms  DeleteObjects: 0.054800 ms)

AssetImportParameters requested are different than current active one (requested -> active):
  custom:framework-win-MediaFoundation: 216162199b28c13a410421893ffa2e32 -> 
  custom:video-decoder-ogg-theora: a1e56fd34408186e4bbccfd4996cb3dc -> 
  custom:container-muxer-webm: aa71ff27fc2769a1b78a27578f13a17b -> 
  custom:container-demuxer-webm: 4f35f7cbe854078d1ac9338744f61a02 -> 
  custom:container-demuxer-ogg: 62fdf1f143b41e24485cea50d1cbac27 -> 
  custom:video-encoder-webm-vp8: eb34c28f22e8b96e1ab97ce403110664 -> 
  custom:video-decoder-webm-vp8: 9c59270c3fd7afecdb556c50c9e8de78 -> 
  custom:audio-decoder-ogg-vorbis: bf7c407c2cedff20999df2af8eb42d56 -> 
  custom:audio-encoder-webm-vorbis: bf7c407c2cedff20999df2af8eb42d56 -> 
